17:12:56 [31merror[39m: Redis connection error
17:12:56 [31merror[39m: Redis connection error
17:12:56 [31merror[39m: Redis connection error
17:12:56 [31merror[39m: Redis connection error
17:12:56 [31merror[39m: Redis connection error
17:12:57 [31merror[39m: Redis connection error
17:12:57 [31merror[39m: Redis connection error
17:12:57 [31merror[39m: Redis connection error
17:12:58 [31merror[39m: Redis connection error
17:12:58 [31merror[39m: Redis connection error
17:12:59 [31merror[39m: Redis connection error
17:12:59 [31merror[39m: Redis connection error
17:13:00 [31merror[39m: Redis connection error
17:13:01 [31merror[39m: Redis connection error
17:13:01 [31merror[39m: Redis connection error
17:13:02 [31merror[39m: Redis connection error
17:13:03 [31merror[39m: Redis connection error
17:13:04 [31merror[39m: Redis connection error
17:13:05 [31merror[39m: Redis connection error
17:13:06 [31merror[39m: Redis connection error
17:13:07 [31merror[39m: Redis connection error
17:29:05 [31merror[39m: Redis connection error
17:29:05 [31merror[39m: Redis connection error
17:29:05 [31merror[39m: Redis connection error
17:29:05 [31merror[39m: Redis connection error
17:29:05 [31merror[39m: Redis connection error
17:29:06 [31merror[39m: Redis connection error
17:29:06 [31merror[39m: Redis connection error
17:29:06 [31merror[39m: Redis connection error
17:29:07 [31merror[39m: Redis connection error
17:29:07 [31merror[39m: Redis connection error
17:29:08 [31merror[39m: Redis connection error
17:29:08 [31merror[39m: Redis connection error
17:29:09 [31merror[39m: Redis connection error
17:29:10 [31merror[39m: Redis connection error
17:29:10 [31merror[39m: Redis connection error
17:29:11 [31merror[39m: Redis connection error
17:29:12 [31merror[39m: Redis connection error
17:29:13 [31merror[39m: Redis connection error
17:29:14 [31merror[39m: Redis connection error
17:29:15 [31merror[39m: Redis connection error
17:29:16 [31merror[39m: Redis connection error
17:29:17 [31merror[39m: Redis connection error
17:29:18 [31merror[39m: Redis connection error
17:29:19 [31merror[39m: Redis connection error
17:29:20 [31merror[39m: Redis connection error
17:29:21 [31merror[39m: Redis connection error
17:29:23 [31merror[39m: Redis connection error
17:29:24 [31merror[39m: Redis connection error
17:29:26 [31merror[39m: Redis connection error
17:29:27 [31merror[39m: Redis connection error
17:29:29 [31merror[39m: Redis connection error
17:29:30 [31merror[39m: Redis connection error
17:29:32 [31merror[39m: Redis connection error
17:29:33 [31merror[39m: Redis connection error
17:29:35 [31merror[39m: Redis connection error
17:29:37 [31merror[39m: Redis connection error
17:29:39 [31merror[39m: Redis connection error
17:29:41 [31merror[39m: Redis connection error
17:29:42 [31merror[39m: Redis connection error
17:29:44 [31merror[39m: Redis connection error
17:29:46 [31merror[39m: Redis connection error
17:29:48 [31merror[39m: Redis connection error
17:29:50 [31merror[39m: Redis connection error
17:29:52 [31merror[39m: Redis connection error
17:29:54 [31merror[39m: Redis connection error
17:29:56 [31merror[39m: Redis connection error
17:29:58 [31merror[39m: Redis connection error
17:30:00 [31merror[39m: Redis connection error
17:30:02 [31merror[39m: Redis connection error
17:30:04 [31merror[39m: Redis connection error
17:30:07 [31merror[39m: Redis connection error
17:30:09 [31merror[39m: Redis connection error
17:30:11 [31merror[39m: Redis connection error
17:30:13 [31merror[39m: Redis connection error
17:30:15 [31merror[39m: Redis connection error
17:30:17 [31merror[39m: Redis connection error
17:30:19 [31merror[39m: Redis connection error
17:30:21 [31merror[39m: Redis connection error
17:30:23 [31merror[39m: Redis connection error
17:30:25 [31merror[39m: Redis connection error
17:30:27 [31merror[39m: Redis connection error
17:30:29 [31merror[39m: Redis connection error
17:30:31 [31merror[39m: Redis connection error
17:30:33 [31merror[39m: Redis connection error
17:30:35 [31merror[39m: Redis connection error
17:30:37 [31merror[39m: Redis connection error
17:30:39 [31merror[39m: Redis connection error
17:30:41 [31merror[39m: Redis connection error
17:30:43 [31merror[39m: Redis connection error
17:30:45 [31merror[39m: Redis connection error
17:30:47 [31merror[39m: Redis connection error
17:30:49 [31merror[39m: Redis connection error
17:30:51 [31merror[39m: Redis connection error
17:30:53 [31merror[39m: Redis connection error
17:30:55 [31merror[39m: Redis connection error
17:30:57 [31merror[39m: Redis connection error
17:30:59 [31merror[39m: Redis connection error
17:31:00 [31merror[39m: Redis connection error
17:31:01 [31merror[39m: Redis connection error
17:31:01 [31merror[39m: Redis connection error
17:31:01 [31merror[39m: Redis connection error
17:31:01 [31merror[39m: Redis connection error
17:31:01 [31merror[39m: Redis connection error
17:31:01 [31merror[39m: Redis connection error
17:31:02 [31merror[39m: Redis connection error
17:31:02 [31merror[39m: Redis connection error
17:31:02 [31merror[39m: Redis connection error
17:31:03 [31merror[39m: Redis connection error
17:31:03 [31merror[39m: Redis connection error
17:31:03 [31merror[39m: Redis connection error
17:31:04 [31merror[39m: Redis connection error
17:31:05 [31merror[39m: Redis connection error
17:31:05 [31merror[39m: Redis connection error
17:31:05 [31merror[39m: Redis connection error
17:31:06 [31merror[39m: Redis connection error
17:31:07 [31merror[39m: Redis connection error
17:31:07 [31merror[39m: Redis connection error
17:31:07 [31merror[39m: Redis connection error
17:31:08 [31merror[39m: Redis connection error
17:31:09 [31merror[39m: Redis connection error
17:31:09 [31merror[39m: Redis connection error
17:31:10 [31merror[39m: Redis connection error
17:31:11 [31merror[39m: Redis connection error
17:31:11 [31merror[39m: Redis connection error
17:31:12 [31merror[39m: Redis connection error
17:31:13 [31merror[39m: Redis connection error
17:31:13 [31merror[39m: Redis connection error
17:31:15 [31merror[39m: Redis connection error
17:31:15 [31merror[39m: Redis connection error
17:31:16 [31merror[39m: Redis connection error
17:31:17 [31merror[39m: Redis connection error
17:31:17 [31merror[39m: Redis connection error
17:31:18 [31merror[39m: Redis connection error
17:31:19 [31merror[39m: Redis connection error
17:31:20 [31merror[39m: Redis connection error
17:31:21 [31merror[39m: Redis connection error
17:31:21 [31merror[39m: Redis connection error
17:31:23 [31merror[39m: Redis connection error
17:31:23 [31merror[39m: Redis connection error
17:31:24 [31merror[39m: Redis connection error
17:31:25 [31merror[39m: Redis connection error
17:31:26 [31merror[39m: Redis connection error
17:31:27 [31merror[39m: Redis connection error
17:31:27 [31merror[39m: Redis connection error
17:31:29 [31merror[39m: Redis connection error
17:31:29 [31merror[39m: Redis connection error
17:31:31 [31merror[39m: Redis connection error
17:31:31 [31merror[39m: Redis connection error
17:31:32 [31merror[39m: Redis connection error
17:31:33 [31merror[39m: Redis connection error
17:31:34 [31merror[39m: Redis connection error
17:31:35 [31merror[39m: Redis connection error
17:31:36 [31merror[39m: Redis connection error
17:31:37 [31merror[39m: Redis connection error
17:31:38 [31merror[39m: Redis connection error
17:31:39 [31merror[39m: Redis connection error
17:31:40 [31merror[39m: Redis connection error
17:31:42 [31merror[39m: Redis connection error
17:31:44 [31merror[39m: Redis connection error
17:31:46 [31merror[39m: Redis connection error
17:31:48 [31merror[39m: Redis connection error
17:31:50 [31merror[39m: Redis connection error
17:31:52 [31merror[39m: Redis connection error
17:31:54 [31merror[39m: Redis connection error
17:31:56 [31merror[39m: Redis connection error
17:31:58 [31merror[39m: Redis connection error
17:32:00 [31merror[39m: Redis connection error
17:32:02 [31merror[39m: Redis connection error
17:32:04 [31merror[39m: Redis connection error
17:32:06 [31merror[39m: Redis connection error
17:32:08 [31merror[39m: Redis connection error
17:32:10 [31merror[39m: Redis connection error
17:32:12 [31merror[39m: Redis connection error
17:32:14 [31merror[39m: Redis connection error
17:32:16 [31merror[39m: Redis connection error
17:32:18 [31merror[39m: Redis connection error
17:32:20 [31merror[39m: Redis connection error
17:32:22 [31merror[39m: Redis connection error
17:32:24 [31merror[39m: Redis connection error
17:32:26 [31merror[39m: Redis connection error
17:32:28 [31merror[39m: Redis connection error
17:32:30 [31merror[39m: Redis connection error
17:32:32 [31merror[39m: Redis connection error
17:32:34 [31merror[39m: Redis connection error
17:32:36 [31merror[39m: Redis connection error
17:32:38 [31merror[39m: Redis connection error
17:32:41 [31merror[39m: Redis connection error
17:32:43 [31merror[39m: Redis connection error
17:32:45 [31merror[39m: Redis connection error
17:32:47 [31merror[39m: Redis connection error
17:32:49 [31merror[39m: Redis connection error
17:32:51 [31merror[39m: Redis connection error
17:32:53 [31merror[39m: Redis connection error
17:32:55 [31merror[39m: Redis connection error
17:32:57 [31merror[39m: Redis connection error
17:32:59 [31merror[39m: Redis connection error
17:33:01 [31merror[39m: Redis connection error
17:33:03 [31merror[39m: Redis connection error
17:33:05 [31merror[39m: Redis connection error
17:33:07 [31merror[39m: Redis connection error
17:33:09 [31merror[39m: Redis connection error
17:33:11 [31merror[39m: Redis connection error
17:33:13 [31merror[39m: Redis connection error
17:33:15 [31merror[39m: Redis connection error
17:33:17 [31merror[39m: Redis connection error
17:33:19 [31merror[39m: Redis connection error
17:33:21 [31merror[39m: Redis connection error
17:33:23 [31merror[39m: Redis connection error
17:33:25 [31merror[39m: Redis connection error
17:33:27 [31merror[39m: Redis connection error
17:33:29 [31merror[39m: Redis connection error
17:33:31 [31merror[39m: Redis connection error
17:33:33 [31merror[39m: Redis connection error
17:33:35 [31merror[39m: Redis connection error
17:33:37 [31merror[39m: Redis connection error
17:33:39 [31merror[39m: Redis connection error
17:33:41 [31merror[39m: Redis connection error
17:33:43 [31merror[39m: Redis connection error
17:33:44 [31merror[39m: Redis connection error
17:33:44 [31merror[39m: Redis connection error
17:33:44 [31merror[39m: Redis connection error
17:33:45 [31merror[39m: Redis connection error
17:33:45 [31merror[39m: Redis connection error
17:33:45 [31merror[39m: Redis connection error
17:33:45 [31merror[39m: Redis connection error
17:33:45 [31merror[39m: Redis connection error
17:33:46 [31merror[39m: Redis connection error
17:33:46 [31merror[39m: Redis connection error
17:33:47 [31merror[39m: Redis connection error
17:33:47 [31merror[39m: Redis connection error
17:33:47 [31merror[39m: Redis connection error
17:33:48 [31merror[39m: Redis connection error
17:33:48 [31merror[39m: Redis connection error
17:33:49 [31merror[39m: Redis connection error
17:33:49 [31merror[39m: Redis connection error
17:33:50 [31merror[39m: Redis connection error
17:33:50 [31merror[39m: Redis connection error
17:33:51 [31merror[39m: Redis connection error
17:33:51 [31merror[39m: Redis connection error
17:33:52 [31merror[39m: Redis connection error
17:33:53 [31merror[39m: Redis connection error
17:33:53 [31merror[39m: Redis connection error
17:33:54 [31merror[39m: Redis connection error
17:33:55 [31merror[39m: Redis connection error
17:33:55 [31merror[39m: Redis connection error
17:33:56 [31merror[39m: Redis connection error
17:33:57 [31merror[39m: Redis connection error
17:33:57 [31merror[39m: Redis connection error
17:33:58 [31merror[39m: Redis connection error
17:33:59 [31merror[39m: Redis connection error
17:34:00 [31merror[39m: Redis connection error
17:34:01 [31merror[39m: Redis connection error
17:34:01 [31merror[39m: Redis connection error
17:34:02 [31merror[39m: Redis connection error
17:34:03 [31merror[39m: Redis connection error
17:34:04 [31merror[39m: Redis connection error
17:34:05 [31merror[39m: Redis connection error
17:34:05 [31merror[39m: Redis connection error
17:34:06 [31merror[39m: Redis connection error
17:34:07 [31merror[39m: Redis connection error
17:34:08 [31merror[39m: Redis connection error
17:34:09 [31merror[39m: Redis connection error
17:34:10 [31merror[39m: Redis connection error
17:34:11 [31merror[39m: Redis connection error
17:34:11 [31merror[39m: Redis connection error
17:34:13 [31merror[39m: Redis connection error
17:34:13 [31merror[39m: Redis connection error
17:34:15 [31merror[39m: Redis connection error
17:34:15 [31merror[39m: Redis connection error
17:34:16 [31merror[39m: Redis connection error
17:34:17 [31merror[39m: Redis connection error
17:34:18 [31merror[39m: Redis connection error
17:34:19 [31merror[39m: Redis connection error
17:34:20 [31merror[39m: Redis connection error
17:34:21 [31merror[39m: Redis connection error
17:34:22 [31merror[39m: Redis connection error
17:34:23 [31merror[39m: Redis connection error
17:34:24 [31merror[39m: Redis connection error
17:34:25 [31merror[39m: Redis connection error
17:34:26 [31merror[39m: Redis connection error
17:34:27 [31merror[39m: Redis connection error
17:34:28 [31merror[39m: Redis connection error
17:34:29 [31merror[39m: Redis connection error
17:34:30 [31merror[39m: Redis connection error
17:34:31 [31merror[39m: Redis connection error
17:34:32 [31merror[39m: Redis connection error
17:34:33 [31merror[39m: Redis connection error
17:34:34 [31merror[39m: Redis connection error
17:34:35 [31merror[39m: Redis connection error
17:34:36 [31merror[39m: Redis connection error
17:34:37 [31merror[39m: Redis connection error
17:34:38 [31merror[39m: Redis connection error
17:34:39 [31merror[39m: Redis connection error
17:34:40 [31merror[39m: Redis connection error
17:34:41 [31merror[39m: Redis connection error
17:34:42 [31merror[39m: Redis connection error
17:34:43 [31merror[39m: Redis connection error
17:34:44 [31merror[39m: Redis connection error
17:34:45 [31merror[39m: Redis connection error
17:34:46 [31merror[39m: Redis connection error
17:34:47 [31merror[39m: Redis connection error
17:34:48 [31merror[39m: Redis connection error
17:34:49 [31merror[39m: Redis connection error
17:34:50 [31merror[39m: Redis connection error
17:34:51 [31merror[39m: Redis connection error
17:34:52 [31merror[39m: Redis connection error
17:34:53 [31merror[39m: Redis connection error
17:34:54 [31merror[39m: Redis connection error
17:34:55 [31merror[39m: Redis connection error
17:34:56 [31merror[39m: Redis connection error
17:34:57 [31merror[39m: Redis connection error
17:34:58 [31merror[39m: Redis connection error
17:34:59 [31merror[39m: Redis connection error
17:35:00 [31merror[39m: Redis connection error
17:35:01 [31merror[39m: Redis connection error
17:35:02 [31merror[39m: Redis connection error
17:35:03 [31merror[39m: Redis connection error
17:35:04 [31merror[39m: Redis connection error
17:35:05 [31merror[39m: Redis connection error
17:35:06 [31merror[39m: Redis connection error
17:35:07 [31merror[39m: Redis connection error
17:35:08 [31merror[39m: Redis connection error
17:35:09 [31merror[39m: Redis connection error
17:35:10 [31merror[39m: Redis connection error
17:35:11 [31merror[39m: Redis connection error
17:35:12 [31merror[39m: Redis connection error
17:35:14 [31merror[39m: Redis connection error
17:35:14 [31merror[39m: Redis connection error
17:35:16 [31merror[39m: Redis connection error
17:35:16 [31merror[39m: Redis connection error
17:35:18 [31merror[39m: Redis connection error
17:35:18 [31merror[39m: Redis connection error
17:35:20 [31merror[39m: Redis connection error
17:35:20 [31merror[39m: Redis connection error
17:35:22 [31merror[39m: Redis connection error
17:35:22 [31merror[39m: Redis connection error
17:35:24 [31merror[39m: Redis connection error
17:35:24 [31merror[39m: Redis connection error
17:35:26 [31merror[39m: Redis connection error
17:35:26 [31merror[39m: Redis connection error
17:35:28 [31merror[39m: Redis connection error
17:35:28 [31merror[39m: Redis connection error
17:35:30 [31merror[39m: Redis connection error
17:35:30 [31merror[39m: Redis connection error
17:35:32 [31merror[39m: Redis connection error
17:35:32 [31merror[39m: Redis connection error
17:35:34 [31merror[39m: Redis connection error
17:35:34 [31merror[39m: Redis connection error
17:35:36 [31merror[39m: Redis connection error
17:35:36 [31merror[39m: Redis connection error
17:35:38 [31merror[39m: Redis connection error
17:35:38 [31merror[39m: Redis connection error
17:35:40 [31merror[39m: Redis connection error
17:35:40 [31merror[39m: Redis connection error
17:35:42 [31merror[39m: Redis connection error
17:35:42 [31merror[39m: Redis connection error
17:35:44 [31merror[39m: Redis connection error
17:35:44 [31merror[39m: Redis connection error
17:35:46 [31merror[39m: Redis connection error
17:35:46 [31merror[39m: Redis connection error
17:35:48 [31merror[39m: Redis connection error
17:35:48 [31merror[39m: Redis connection error
17:35:50 [31merror[39m: Redis connection error
17:35:50 [31merror[39m: Redis connection error
17:35:52 [31merror[39m: Redis connection error
17:35:52 [31merror[39m: Redis connection error
17:35:54 [31merror[39m: Redis connection error
17:35:54 [31merror[39m: Redis connection error
17:35:56 [31merror[39m: Redis connection error
17:35:56 [31merror[39m: Redis connection error
17:35:58 [31merror[39m: Redis connection error
17:35:58 [31merror[39m: Redis connection error
17:36:00 [31merror[39m: Redis connection error
17:36:00 [31merror[39m: Redis connection error
17:36:02 [31merror[39m: Redis connection error
17:36:02 [31merror[39m: Redis connection error
17:36:04 [31merror[39m: Redis connection error
17:36:04 [31merror[39m: Redis connection error
17:36:06 [31merror[39m: Redis connection error
17:36:07 [31merror[39m: Redis connection error
17:36:08 [31merror[39m: Redis connection error
17:36:09 [31merror[39m: Redis connection error
17:36:10 [31merror[39m: Redis connection error
17:36:11 [31merror[39m: Redis connection error
17:36:12 [31merror[39m: Redis connection error
17:36:13 [31merror[39m: Redis connection error
17:36:14 [31merror[39m: Redis connection error
17:36:15 [31merror[39m: Redis connection error
17:36:16 [31merror[39m: Redis connection error
17:36:17 [31merror[39m: Redis connection error
17:36:18 [31merror[39m: Redis connection error
17:36:19 [31merror[39m: Redis connection error
17:36:20 [31merror[39m: Redis connection error
17:36:21 [31merror[39m: Redis connection error
17:36:22 [31merror[39m: Redis connection error
17:36:23 [31merror[39m: Redis connection error
17:36:24 [31merror[39m: Redis connection error
17:36:25 [31merror[39m: Redis connection error
17:36:26 [31merror[39m: Redis connection error
17:36:27 [31merror[39m: Redis connection error
17:36:28 [31merror[39m: Redis connection error
17:36:29 [31merror[39m: Redis connection error
17:36:30 [31merror[39m: Redis connection error
17:36:31 [31merror[39m: Redis connection error
17:36:32 [31merror[39m: Redis connection error
17:36:33 [31merror[39m: Redis connection error
17:36:34 [31merror[39m: Redis connection error
17:36:35 [31merror[39m: Redis connection error
17:36:36 [31merror[39m: Redis connection error
17:36:37 [31merror[39m: Redis connection error
17:36:38 [31merror[39m: Redis connection error
17:36:39 [31merror[39m: Redis connection error
17:36:40 [31merror[39m: Redis connection error
17:36:41 [31merror[39m: Redis connection error
17:36:42 [31merror[39m: Redis connection error
17:36:43 [31merror[39m: Redis connection error
17:36:44 [31merror[39m: Redis connection error
17:36:45 [31merror[39m: Redis connection error
17:36:46 [31merror[39m: Redis connection error
17:36:47 [31merror[39m: Redis connection error
17:36:48 [31merror[39m: Redis connection error
17:36:49 [31merror[39m: Redis connection error
17:36:50 [31merror[39m: Redis connection error
17:36:51 [31merror[39m: Redis connection error
17:36:52 [31merror[39m: Redis connection error
17:36:53 [31merror[39m: Redis connection error
17:36:54 [31merror[39m: Redis connection error
17:36:55 [31merror[39m: Redis connection error
17:36:56 [31merror[39m: Redis connection error
17:36:57 [31merror[39m: Redis connection error
17:36:58 [31merror[39m: Redis connection error
17:36:59 [31merror[39m: Redis connection error
17:37:00 [31merror[39m: Redis connection error
17:37:01 [31merror[39m: Redis connection error
17:37:02 [31merror[39m: Redis connection error
17:37:03 [31merror[39m: Redis connection error
17:37:51 [31merror[39m: Redis connection error
17:37:51 [31merror[39m: Redis connection error
17:37:51 [31merror[39m: Redis connection error
17:37:51 [31merror[39m: Redis connection error
17:37:51 [31merror[39m: Redis connection error
17:37:52 [31merror[39m: Redis connection error
17:37:52 [31merror[39m: Redis connection error
17:37:52 [31merror[39m: Redis connection error
17:37:53 [31merror[39m: Redis connection error
17:37:53 [31merror[39m: Redis connection error
17:37:54 [31merror[39m: Redis connection error
17:37:54 [31merror[39m: Redis connection error
17:37:55 [31merror[39m: Redis connection error
17:37:56 [31merror[39m: Redis connection error
17:37:56 [31merror[39m: Redis connection error
17:37:57 [31merror[39m: Redis connection error
17:37:58 [31merror[39m: Redis connection error
17:37:59 [31merror[39m: Redis connection error
17:38:00 [31merror[39m: Redis connection error
17:38:01 [31merror[39m: Redis connection error
17:38:02 [31merror[39m: Redis connection error
17:38:03 [31merror[39m: Redis connection error
17:38:04 [31merror[39m: Redis connection error
17:40:15 [31merror[39m: Redis connection error
17:40:15 [31merror[39m: Redis connection error
17:40:15 [31merror[39m: Redis connection error
17:40:16 [31merror[39m: Redis connection error
17:40:16 [31merror[39m: Redis connection error
17:40:16 [31merror[39m: Redis connection error
17:40:16 [31merror[39m: Redis connection error
17:40:17 [31merror[39m: Redis connection error
17:40:17 [31merror[39m: Redis connection error
17:40:18 [31merror[39m: Redis connection error
17:40:18 [31merror[39m: Redis connection error
17:40:19 [31merror[39m: Redis connection error
17:40:19 [31merror[39m: Redis connection error
17:40:20 [31merror[39m: Redis connection error
17:40:21 [31merror[39m: Redis connection error
17:40:21 [31merror[39m: Redis connection error
17:40:22 [31merror[39m: Redis connection error
17:40:23 [31merror[39m: Redis connection error
17:40:24 [31merror[39m: Redis connection error
17:40:25 [31merror[39m: Redis connection error
17:40:26 [31merror[39m: Redis connection error
17:40:27 [31merror[39m: Redis connection error
17:40:28 [31merror[39m: Redis connection error
17:40:29 [31merror[39m: Redis connection error
17:40:31 [31merror[39m: Redis connection error
17:40:32 [31merror[39m: Redis connection error
17:40:33 [31merror[39m: Redis connection error
17:40:35 [31merror[39m: Redis connection error
17:40:36 [31merror[39m: Redis connection error
17:40:37 [31merror[39m: Redis connection error
17:40:39 [31merror[39m: Redis connection error
17:40:40 [31merror[39m: Redis connection error
17:40:42 [31merror[39m: Redis connection error
17:40:44 [31merror[39m: Redis connection error
17:40:45 [31merror[39m: Redis connection error
17:40:47 [31merror[39m: Redis connection error
17:40:49 [31merror[39m: Redis connection error
17:40:51 [31merror[39m: Redis connection error
17:40:53 [31merror[39m: Redis connection error
17:40:55 [31merror[39m: Redis connection error
17:40:57 [31merror[39m: Redis connection error
17:40:59 [31merror[39m: Redis connection error
17:41:01 [31merror[39m: Redis connection error
17:41:03 [31merror[39m: Redis connection error
17:41:05 [31merror[39m: Redis connection error
17:41:07 [31merror[39m: Redis connection error
17:41:09 [31merror[39m: Redis connection error
17:41:11 [31merror[39m: Redis connection error
17:41:13 [31merror[39m: Redis connection error
17:45:16 [31merror[39m: Redis is not reachable on startup. Worker exited. Start Redis and run npm run worker again.
15:22:35 [31merror[39m: Redis connection error
15:22:36 [31merror[39m: Redis connection error
15:22:37 [31merror[39m: Redis connection error
15:22:38 [31merror[39m: Redis connection error
14:20:08 [31merror[39m: PrismaClientKnownRequestError: 
Invalid `prisma.task.count()` invocation in
C:\Users\pc\Desktop\Task Manager\backend\src\services\analytics.service.ts:72:19

  69   },
  70 }),
  71 prisma.task.count({ where: { isDeleted: false, ...(userId && { assigneeId: userId }) } }),
→ 72 prisma.task.count(
Can't reach database server at `ep-jolly-morning-ai355dkx-pooler.c-4.us-east-1.aws.neon.tech:5432`

Please make sure your database server is running at `ep-jolly-morning-ai355dkx-pooler.c-4.us-east-1.aws.neon.tech:5432`.
    at $n.handleRequestError (C:\Users\pc\Desktop\Task Manager\backend\node_modules\@prisma\client\runtime\library.js:121:7315)
    at $n.handleAndLogRequestError (C:\Users\pc\Desktop\Task Manager\backend\node_modules\@prisma\client\runtime\library.js:121:6623)
    at $n.request (C:\Users\pc\Desktop\Task Manager\backend\node_modules\@prisma\client\runtime\library.js:121:6307)
    at async l (C:\Users\pc\Desktop\Task Manager\backend\node_modules\@prisma\client\runtime\library.js:130:9633)
    at async Promise.all (index 4)
    at async Object.getDashboardStats (C:\Users\pc\Desktop\Task Manager\backend\src\services\analytics.service.ts:52:9)
    at async <anonymous> (C:\Users\pc\Desktop\Task Manager\backend\src\controllers\analytics.controller.ts:7:18)
14:23:08 [31merror[39m: PrismaClientKnownRequestError: Transaction API error: Transaction not found. Transaction ID is invalid, refers to an old closed transaction Prisma doesn't have information about anymore, or was obtained before disconnecting.
    at _r.transaction (C:\Users\pc\Desktop\Task Manager\backend\node_modules\@prisma\client\runtime\library.js:111:12319)
    at async Proxy._transactionWithCallback (C:\Users\pc\Desktop\Task Manager\backend\node_modules\@prisma\client\runtime\library.js:130:8034)
    at async Object.create (C:\Users\pc\Desktop\Task Manager\backend\src\services\task.service.ts:180:18)
    at async <anonymous> (C:\Users\pc\Desktop\Task Manager\backend\src\controllers\task.controller.ts:31:18)
14:26:00 [31merror[39m: PrismaClientKnownRequestError: 
Invalid `tx.notification.create()` invocation in
C:\Users\pc\Desktop\Task Manager\backend\src\services\task.service.ts:301:31

  298 });
  299 
  300 if (changedStatus && updated.assigneeId) {
→ 301   await tx.notification.create(
Transaction API error: Transaction already closed: A query cannot be executed on an expired transaction. The timeout for this transaction was 5000 ms, however 5301 ms passed since the start of the transaction. Consider increasing the interactive transaction timeout or doing less work in the transaction.
    at $n.handleRequestError (C:\Users\pc\Desktop\Task Manager\backend\node_modules\@prisma\client\runtime\library.js:121:7315)
    at $n.handleAndLogRequestError (C:\Users\pc\Desktop\Task Manager\backend\node_modules\@prisma\client\runtime\library.js:121:6623)
    at $n.request (C:\Users\pc\Desktop\Task Manager\backend\node_modules\@prisma\client\runtime\library.js:121:6307)
    at async l (C:\Users\pc\Desktop\Task Manager\backend\node_modules\@prisma\client\runtime\library.js:130:9633)
    at async <anonymous> (C:\Users\pc\Desktop\Task Manager\backend\src\services\task.service.ts:301:9)
    at async Proxy._transactionWithCallback (C:\Users\pc\Desktop\Task Manager\backend\node_modules\@prisma\client\runtime\library.js:130:8000)
    at async Object.update (C:\Users\pc\Desktop\Task Manager\backend\src\services\task.service.ts:270:18)
    at async <anonymous> (C:\Users\pc\Desktop\Task Manager\backend\src\controllers\task.controller.ts:39:18)
15:51:12 [31merror[39m: Redis connection error
12:46:31 [31merror[39m: PrismaClientInitializationError: 
Invalid `prisma.user.findUnique()` invocation in
C:\Users\pc\Desktop\Task Manager\backend\src\services\auth.service.ts:69:36

  66 },
  67 
  68 async login(email: string, password: string) {
→ 69   const user = await prisma.user.findUnique(
Can't reach database server at `ep-jolly-morning-ai355dkx-pooler.c-4.us-east-1.aws.neon.tech:5432`

Please make sure your database server is running at `ep-jolly-morning-ai355dkx-pooler.c-4.us-east-1.aws.neon.tech:5432`.
    at $n.handleRequestError (C:\Users\pc\Desktop\Task Manager\backend\node_modules\@prisma\client\runtime\library.js:121:7615)
    at $n.handleAndLogRequestError (C:\Users\pc\Desktop\Task Manager\backend\node_modules\@prisma\client\runtime\library.js:121:6623)
    at $n.request (C:\Users\pc\Desktop\Task Manager\backend\node_modules\@prisma\client\runtime\library.js:121:6307)
    at async l (C:\Users\pc\Desktop\Task Manager\backend\node_modules\@prisma\client\runtime\library.js:130:9633)
    at async Object.login (C:\Users\pc\Desktop\Task Manager\backend\src\services\auth.service.ts:69:18)
    at async <anonymous> (C:\Users\pc\Desktop\Task Manager\backend\src\controllers\auth.controller.ts:33:20)
12:46:34 [31merror[39m: PrismaClientInitializationError: 
Invalid `prisma.user.findUnique()` invocation in
C:\Users\pc\Desktop\Task Manager\backend\src\services\auth.service.ts:69:36

  66 },
  67 
  68 async login(email: string, password: string) {
→ 69   const user = await prisma.user.findUnique(
Can't reach database server at `ep-jolly-morning-ai355dkx-pooler.c-4.us-east-1.aws.neon.tech:5432`

Please make sure your database server is running at `ep-jolly-morning-ai355dkx-pooler.c-4.us-east-1.aws.neon.tech:5432`.
    at $n.handleRequestError (C:\Users\pc\Desktop\Task Manager\backend\node_modules\@prisma\client\runtime\library.js:121:7615)
    at $n.handleAndLogRequestError (C:\Users\pc\Desktop\Task Manager\backend\node_modules\@prisma\client\runtime\library.js:121:6623)
    at $n.request (C:\Users\pc\Desktop\Task Manager\backend\node_modules\@prisma\client\runtime\library.js:121:6307)
    at async l (C:\Users\pc\Desktop\Task Manager\backend\node_modules\@prisma\client\runtime\library.js:130:9633)
    at async Object.login (C:\Users\pc\Desktop\Task Manager\backend\src\services\auth.service.ts:69:18)
    at async <anonymous> (C:\Users\pc\Desktop\Task Manager\backend\src\controllers\auth.controller.ts:33:20)
12:46:43 [31merror[39m: PrismaClientInitializationError: 
Invalid `prisma.user.findUnique()` invocation in
C:\Users\pc\Desktop\Task Manager\backend\src\services\auth.service.ts:69:36

  66 },
  67 
  68 async login(email: string, password: string) {
→ 69   const user = await prisma.user.findUnique(
Can't reach database server at `ep-jolly-morning-ai355dkx-pooler.c-4.us-east-1.aws.neon.tech:5432`

Please make sure your database server is running at `ep-jolly-morning-ai355dkx-pooler.c-4.us-east-1.aws.neon.tech:5432`.
    at $n.handleRequestError (C:\Users\pc\Desktop\Task Manager\backend\node_modules\@prisma\client\runtime\library.js:121:7615)
    at $n.handleAndLogRequestError (C:\Users\pc\Desktop\Task Manager\backend\node_modules\@prisma\client\runtime\library.js:121:6623)
    at $n.request (C:\Users\pc\Desktop\Task Manager\backend\node_modules\@prisma\client\runtime\library.js:121:6307)
    at async l (C:\Users\pc\Desktop\Task Manager\backend\node_modules\@prisma\client\runtime\library.js:130:9633)
    at async Object.login (C:\Users\pc\Desktop\Task Manager\backend\src\services\auth.service.ts:69:18)
    at async <anonymous> (C:\Users\pc\Desktop\Task Manager\backend\src\controllers\auth.controller.ts:33:20)
12:46:45 [31merror[39m: PrismaClientInitializationError: 
Invalid `prisma.user.findUnique()` invocation in
C:\Users\pc\Desktop\Task Manager\backend\src\services\auth.service.ts:69:36

  66 },
  67 
  68 async login(email: string, password: string) {
→ 69   const user = await prisma.user.findUnique(
Can't reach database server at `ep-jolly-morning-ai355dkx-pooler.c-4.us-east-1.aws.neon.tech:5432`

Please make sure your database server is running at `ep-jolly-morning-ai355dkx-pooler.c-4.us-east-1.aws.neon.tech:5432`.
    at $n.handleRequestError (C:\Users\pc\Desktop\Task Manager\backend\node_modules\@prisma\client\runtime\library.js:121:7615)
    at $n.handleAndLogRequestError (C:\Users\pc\Desktop\Task Manager\backend\node_modules\@prisma\client\runtime\library.js:121:6623)
    at $n.request (C:\Users\pc\Desktop\Task Manager\backend\node_modules\@prisma\client\runtime\library.js:121:6307)
    at async l (C:\Users\pc\Desktop\Task Manager\backend\node_modules\@prisma\client\runtime\library.js:130:9633)
    at async Object.login (C:\Users\pc\Desktop\Task Manager\backend\src\services\auth.service.ts:69:18)
    at async <anonymous> (C:\Users\pc\Desktop\Task Manager\backend\src\controllers\auth.controller.ts:33:20)
12:46:50 [31merror[39m: PrismaClientInitializationError: 
Invalid `prisma.user.findUnique()` invocation in
C:\Users\pc\Desktop\Task Manager\backend\src\services\auth.service.ts:69:36

  66 },
  67 
  68 async login(email: string, password: string) {
→ 69   const user = await prisma.user.findUnique(
Can't reach database server at `ep-jolly-morning-ai355dkx-pooler.c-4.us-east-1.aws.neon.tech:5432`

Please make sure your database server is running at `ep-jolly-morning-ai355dkx-pooler.c-4.us-east-1.aws.neon.tech:5432`.
    at $n.handleRequestError (C:\Users\pc\Desktop\Task Manager\backend\node_modules\@prisma\client\runtime\library.js:121:7615)
    at $n.handleAndLogRequestError (C:\Users\pc\Desktop\Task Manager\backend\node_modules\@prisma\client\runtime\library.js:121:6623)
    at $n.request (C:\Users\pc\Desktop\Task Manager\backend\node_modules\@prisma\client\runtime\library.js:121:6307)
    at async l (C:\Users\pc\Desktop\Task Manager\backend\node_modules\@prisma\client\runtime\library.js:130:9633)
    at async Object.login (C:\Users\pc\Desktop\Task Manager\backend\src\services\auth.service.ts:69:18)
    at async <anonymous> (C:\Users\pc\Desktop\Task Manager\backend\src\controllers\auth.controller.ts:33:20)
12:47:35 [31merror[39m: PrismaClientInitializationError: 
Invalid `prisma.user.findUnique()` invocation in
C:\Users\pc\Desktop\Task Manager\backend\src\services\auth.service.ts:69:36

  66 },
  67 
  68 async login(email: string, password: string) {
→ 69   const user = await prisma.user.findUnique(
Can't reach database server at `ep-jolly-morning-ai355dkx-pooler.c-4.us-east-1.aws.neon.tech:5432`

Please make sure your database server is running at `ep-jolly-morning-ai355dkx-pooler.c-4.us-east-1.aws.neon.tech:5432`.
    at $n.handleRequestError (C:\Users\pc\Desktop\Task Manager\backend\node_modules\@prisma\client\runtime\library.js:121:7615)
    at $n.handleAndLogRequestError (C:\Users\pc\Desktop\Task Manager\backend\node_modules\@prisma\client\runtime\library.js:121:6623)
    at $n.request (C:\Users\pc\Desktop\Task Manager\backend\node_modules\@prisma\client\runtime\library.js:121:6307)
    at async l (C:\Users\pc\Desktop\Task Manager\backend\node_modules\@prisma\client\runtime\library.js:130:9633)
    at async Object.login (C:\Users\pc\Desktop\Task Manager\backend\src\services\auth.service.ts:69:18)
    at async <anonymous> (C:\Users\pc\Desktop\Task Manager\backend\src\controllers\auth.controller.ts:33:20)
12:47:40 [31merror[39m: PrismaClientInitializationError: 
Invalid `prisma.user.findUnique()` invocation in
C:\Users\pc\Desktop\Task Manager\backend\src\services\auth.service.ts:69:36

  66 },
  67 
  68 async login(email: string, password: string) {
→ 69   const user = await prisma.user.findUnique(
Can't reach database server at `ep-jolly-morning-ai355dkx-pooler.c-4.us-east-1.aws.neon.tech:5432`

Please make sure your database server is running at `ep-jolly-morning-ai355dkx-pooler.c-4.us-east-1.aws.neon.tech:5432`.
    at $n.handleRequestError (C:\Users\pc\Desktop\Task Manager\backend\node_modules\@prisma\client\runtime\library.js:121:7615)
    at $n.handleAndLogRequestError (C:\Users\pc\Desktop\Task Manager\backend\node_modules\@prisma\client\runtime\library.js:121:6623)
    at $n.request (C:\Users\pc\Desktop\Task Manager\backend\node_modules\@prisma\client\runtime\library.js:121:6307)
    at async l (C:\Users\pc\Desktop\Task Manager\backend\node_modules\@prisma\client\runtime\library.js:130:9633)
    at async Object.login (C:\Users\pc\Desktop\Task Manager\backend\src\services\auth.service.ts:69:18)
    at async <anonymous> (C:\Users\pc\Desktop\Task Manager\backend\src\controllers\auth.controller.ts:33:20)
12:48:06 [31merror[39m: PrismaClientInitializationError: 
Invalid `prisma.user.findUnique()` invocation in
C:\Users\pc\Desktop\Task Manager\backend\src\services\auth.service.ts:69:36

  66 },
  67 
  68 async login(email: string, password: string) {
→ 69   const user = await prisma.user.findUnique(
Can't reach database server at `ep-jolly-morning-ai355dkx-pooler.c-4.us-east-1.aws.neon.tech:5432`

Please make sure your database server is running at `ep-jolly-morning-ai355dkx-pooler.c-4.us-east-1.aws.neon.tech:5432`.
    at $n.handleRequestError (C:\Users\pc\Desktop\Task Manager\backend\node_modules\@prisma\client\runtime\library.js:121:7615)
    at $n.handleAndLogRequestError (C:\Users\pc\Desktop\Task Manager\backend\node_modules\@prisma\client\runtime\library.js:121:6623)
    at $n.request (C:\Users\pc\Desktop\Task Manager\backend\node_modules\@prisma\client\runtime\library.js:121:6307)
    at async l (C:\Users\pc\Desktop\Task Manager\backend\node_modules\@prisma\client\runtime\library.js:130:9633)
    at async Object.login (C:\Users\pc\Desktop\Task Manager\backend\src\services\auth.service.ts:69:18)
    at async <anonymous> (C:\Users\pc\Desktop\Task Manager\backend\src\controllers\auth.controller.ts:33:20)
12:48:10 [31merror[39m: PrismaClientInitializationError: 
Invalid `prisma.user.findUnique()` invocation in
C:\Users\pc\Desktop\Task Manager\backend\src\services\auth.service.ts:69:36

  66 },
  67 
  68 async login(email: string, password: string) {
→ 69   const user = await prisma.user.findUnique(
Can't reach database server at `ep-jolly-morning-ai355dkx-pooler.c-4.us-east-1.aws.neon.tech:5432`

Please make sure your database server is running at `ep-jolly-morning-ai355dkx-pooler.c-4.us-east-1.aws.neon.tech:5432`.
    at $n.handleRequestError (C:\Users\pc\Desktop\Task Manager\backend\node_modules\@prisma\client\runtime\library.js:121:7615)
    at $n.handleAndLogRequestError (C:\Users\pc\Desktop\Task Manager\backend\node_modules\@prisma\client\runtime\library.js:121:6623)
    at $n.request (C:\Users\pc\Desktop\Task Manager\backend\node_modules\@prisma\client\runtime\library.js:121:6307)
    at async l (C:\Users\pc\Desktop\Task Manager\backend\node_modules\@prisma\client\runtime\library.js:130:9633)
    at async Object.login (C:\Users\pc\Desktop\Task Manager\backend\src\services\auth.service.ts:69:18)
    at async <anonymous> (C:\Users\pc\Desktop\Task Manager\backend\src\controllers\auth.controller.ts:33:20)
12:48:40 [31merror[39m: PrismaClientInitializationError: 
Invalid `prisma.user.findUnique()` invocation in
C:\Users\pc\Desktop\Task Manager\backend\src\services\auth.service.ts:69:36

  66 },
  67 
  68 async login(email: string, password: string) {
→ 69   const user = await prisma.user.findUnique(
Can't reach database server at `ep-jolly-morning-ai355dkx-pooler.c-4.us-east-1.aws.neon.tech:5432`

Please make sure your database server is running at `ep-jolly-morning-ai355dkx-pooler.c-4.us-east-1.aws.neon.tech:5432`.
    at $n.handleRequestError (C:\Users\pc\Desktop\Task Manager\backend\node_modules\@prisma\client\runtime\library.js:121:7615)
    at $n.handleAndLogRequestError (C:\Users\pc\Desktop\Task Manager\backend\node_modules\@prisma\client\runtime\library.js:121:6623)
    at $n.request (C:\Users\pc\Desktop\Task Manager\backend\node_modules\@prisma\client\runtime\library.js:121:6307)
    at async l (C:\Users\pc\Desktop\Task Manager\backend\node_modules\@prisma\client\runtime\library.js:130:9633)
    at async Object.login (C:\Users\pc\Desktop\Task Manager\backend\src\services\auth.service.ts:69:18)
    at async <anonymous> (C:\Users\pc\Desktop\Task Manager\backend\src\controllers\auth.controller.ts:33:20)
18:32:12 [31merror[39m: PrismaClientInitializationError: 
Invalid `prisma.user.findUnique()` invocation in
C:\Users\pc\Desktop\Task Manager\backend\src\services\auth.service.ts:69:36

  66 },
  67 
  68 async login(email: string, password: string) {
→ 69   const user = await prisma.user.findUnique(
Can't reach database server at `ep-jolly-morning-ai355dkx-pooler.c-4.us-east-1.aws.neon.tech:5432`

Please make sure your database server is running at `ep-jolly-morning-ai355dkx-pooler.c-4.us-east-1.aws.neon.tech:5432`.
    at $n.handleRequestError (C:\Users\pc\Desktop\Task Manager\backend\node_modules\@prisma\client\runtime\library.js:121:7615)
    at $n.handleAndLogRequestError (C:\Users\pc\Desktop\Task Manager\backend\node_modules\@prisma\client\runtime\library.js:121:6623)
    at $n.request (C:\Users\pc\Desktop\Task Manager\backend\node_modules\@prisma\client\runtime\library.js:121:6307)
    at async l (C:\Users\pc\Desktop\Task Manager\backend\node_modules\@prisma\client\runtime\library.js:130:9633)
    at async Object.login (C:\Users\pc\Desktop\Task Manager\backend\src\services\auth.service.ts:69:18)
    at async <anonymous> (C:\Users\pc\Desktop\Task Manager\backend\src\controllers\auth.controller.ts:33:20)
18:33:12 [31merror[39m: Redis connection error
18:33:12 [31merror[39m: Redis connection error
18:33:12 [31merror[39m: Redis connection error
18:33:13 [31merror[39m: Redis connection error
